<?xml version="1.0" encoding="UTF-8"?>
<testsuite xmlns:xsi="http://www.w3.org/2001/XMLSchema-instance" xsi:noNamespaceSchemaLocation="https://maven.apache.org/surefire/maven-surefire-plugin/xsd/surefire-test-report.xsd" name="Account" time="7.293" tests="1" errors="0" skipped="0" failures="0">
  <properties>
    <property name="java.specification.version" value="15"/>
    <property name="sun.jnu.encoding" value="UTF-8"/>
    <property name="java.class.path" value="/Users/antonstockmarr/Google Drev/Skolerelateret/DTU/Web Development of Micro Services/Project/g23_microservices/client/target/test-classes:/Users/antonstockmarr/Google Drev/Skolerelateret/DTU/Web Development of Micro Services/Project/g23_microservices/client/target/classes:/Users/antonstockmarr/.m2/repository/io/cucumber/cucumber-java/6.9.1/cucumber-java-6.9.1.jar:/Users/antonstockmarr/.m2/repository/io/cucumber/cucumber-core/6.9.1/cucumber-core-6.9.1.jar:/Users/antonstockmarr/.m2/repository/io/cucumber/cucumber-gherkin/6.9.1/cucumber-gherkin-6.9.1.jar:/Users/antonstockmarr/.m2/repository/io/cucumber/cucumber-gherkin-messages/6.9.1/cucumber-gherkin-messages-6.9.1.jar:/Users/antonstockmarr/.m2/repository/io/cucumber/messages/13.2.1/messages-13.2.1.jar:/Users/antonstockmarr/.m2/repository/io/cucumber/tag-expressions/3.0.0/tag-expressions-3.0.0.jar:/Users/antonstockmarr/.m2/repository/io/cucumber/cucumber-expressions/10.3.0/cucumber-expressions-10.3.0.jar:/Users/antonstockmarr/.m2/repository/io/cucumber/datatable/3.5.0/datatable-3.5.0.jar:/Users/antonstockmarr/.m2/repository/io/cucumber/cucumber-plugin/6.9.1/cucumber-plugin-6.9.1.jar:/Users/antonstockmarr/.m2/repository/io/cucumber/docstring/6.9.1/docstring-6.9.1.jar:/Users/antonstockmarr/.m2/repository/io/cucumber/html-formatter/9.0.0/html-formatter-9.0.0.jar:/Users/antonstockmarr/.m2/repository/io/cucumber/create-meta/2.0.4/create-meta-2.0.4.jar:/Users/antonstockmarr/.m2/repository/org/apiguardian/apiguardian-api/1.1.0/apiguardian-api-1.1.0.jar:/Users/antonstockmarr/.m2/repository/io/cucumber/cucumber-junit/6.9.1/cucumber-junit-6.9.1.jar:/Users/antonstockmarr/.m2/repository/junit/junit/4.13.1/junit-4.13.1.jar:/Users/antonstockmarr/.m2/repository/org/hamcrest/hamcrest-core/1.3/hamcrest-core-1.3.jar:/Users/antonstockmarr/.m2/repository/io/cucumber/cucumber-picocontainer/6.9.1/cucumber-picocontainer-6.9.1.jar:/Users/antonstockmarr/.m2/repository/org/picocontainer/picocontainer/2.15/picocontainer-2.15.jar:/Users/antonstockmarr/.m2/repository/org/jboss/resteasy/resteasy-client/4.5.8.Final/resteasy-client-4.5.8.Final.jar:/Users/antonstockmarr/.m2/repository/org/jboss/resteasy/resteasy-client-api/4.5.8.Final/resteasy-client-api-4.5.8.Final.jar:/Users/antonstockmarr/.m2/repository/org/jboss/resteasy/resteasy-core-spi/4.5.8.Final/resteasy-core-spi-4.5.8.Final.jar:/Users/antonstockmarr/.m2/repository/org/reactivestreams/reactive-streams/1.0.3/reactive-streams-1.0.3.jar:/Users/antonstockmarr/.m2/repository/jakarta/validation/jakarta.validation-api/2.0.2/jakarta.validation-api-2.0.2.jar:/Users/antonstockmarr/.m2/repository/org/jboss/spec/javax/annotation/jboss-annotations-api_1.3_spec/2.0.1.Final/jboss-annotations-api_1.3_spec-2.0.1.Final.jar:/Users/antonstockmarr/.m2/repository/com/sun/activation/jakarta.activation/1.2.1/jakarta.activation-1.2.1.jar:/Users/antonstockmarr/.m2/repository/org/jboss/resteasy/resteasy-core/4.5.8.Final/resteasy-core-4.5.8.Final.jar:/Users/antonstockmarr/.m2/repository/com/ibm/async/asyncutil/0.1.0/asyncutil-0.1.0.jar:/Users/antonstockmarr/.m2/repository/org/eclipse/microprofile/config/microprofile-config-api/1.4/microprofile-config-api-1.4.jar:/Users/antonstockmarr/.m2/repository/io/smallrye/config/smallrye-config/1.6.1/smallrye-config-1.6.1.jar:/Users/antonstockmarr/.m2/repository/io/smallrye/config/smallrye-config-common/1.6.1/smallrye-config-common-1.6.1.jar:/Users/antonstockmarr/.m2/repository/org/jboss/logging/jboss-logging/3.3.2.Final/jboss-logging-3.3.2.Final.jar:/Users/antonstockmarr/.m2/repository/org/apache/httpcomponents/httpclient/4.5.12/httpclient-4.5.12.jar:/Users/antonstockmarr/.m2/repository/org/apache/httpcomponents/httpcore/4.4.13/httpcore-4.4.13.jar:/Users/antonstockmarr/.m2/repository/commons-logging/commons-logging/1.2/commons-logging-1.2.jar:/Users/antonstockmarr/.m2/repository/commons-codec/commons-codec/1.13/commons-codec-1.13.jar:/Users/antonstockmarr/.m2/repository/commons-io/commons-io/2.5/commons-io-2.5.jar:/Users/antonstockmarr/.m2/repository/org/jboss/spec/javax/ws/rs/jboss-jaxrs-api_2.1_spec/2.0.1.Final/jboss-jaxrs-api_2.1_spec-2.0.1.Final.jar:/Users/antonstockmarr/.m2/repository/io/quarkus/quarkus-resteasy-jsonb/1.10.5.Final/quarkus-resteasy-jsonb-1.10.5.Final.jar:/Users/antonstockmarr/.m2/repository/io/quarkus/quarkus-resteasy/1.10.5.Final/quarkus-resteasy-1.10.5.Final.jar:/Users/antonstockmarr/.m2/repository/io/quarkus/quarkus-vertx-http/1.10.5.Final/quarkus-vertx-http-1.10.5.Final.jar:/Users/antonstockmarr/.m2/repository/io/quarkus/quarkus-security-runtime-spi/1.10.5.Final/quarkus-security-runtime-spi-1.10.5.Final.jar:/Users/antonstockmarr/.m2/repository/io/quarkus/security/quarkus-security/1.1.3.Final/quarkus-security-1.1.3.Final.jar:/Users/antonstockmarr/.m2/repository/io/smallrye/reactive/mutiny/0.4.3/mutiny-0.4.3.jar:/Users/antonstockmarr/.m2/repository/io/quarkus/quarkus-vertx-core/1.10.5.Final/quarkus-vertx-core-1.10.5.Final.jar:/Users/antonstockmarr/.m2/repository/io/quarkus/quarkus-netty/1.10.5.Final/quarkus-netty-1.10.5.Final.jar:/Users/antonstockmarr/.m2/repository/io/netty/netty-codec/4.1.49.Final/netty-codec-4.1.49.Final.jar:/Users/antonstockmarr/.m2/repository/io/netty/netty-handler/4.1.49.Final/netty-handler-4.1.49.Final.jar:/Users/antonstockmarr/.m2/repository/io/vertx/vertx-core/3.9.5/vertx-core-3.9.5.jar:/Users/antonstockmarr/.m2/repository/io/netty/netty-common/4.1.49.Final/netty-common-4.1.49.Final.jar:/Users/antonstockmarr/.m2/repository/io/netty/netty-buffer/4.1.49.Final/netty-buffer-4.1.49.Final.jar:/Users/antonstockmarr/.m2/repository/io/netty/netty-transport/4.1.49.Final/netty-transport-4.1.49.Final.jar:/Users/antonstockmarr/.m2/repository/io/netty/netty-handler-proxy/4.1.49.Final/netty-handler-proxy-4.1.49.Final.jar:/Users/antonstockmarr/.m2/repository/io/netty/netty-codec-socks/4.1.49.Final/netty-codec-socks-4.1.49.Final.jar:/Users/antonstockmarr/.m2/repository/io/netty/netty-codec-http/4.1.49.Final/netty-codec-http-4.1.49.Final.jar:/Users/antonstockmarr/.m2/repository/io/netty/netty-codec-http2/4.1.49.Final/netty-codec-http2-4.1.49.Final.jar:/Users/antonstockmarr/.m2/repository/io/netty/netty-resolver/4.1.49.Final/netty-resolver-4.1.49.Final.jar:/Users/antonstockmarr/.m2/repository/io/netty/netty-resolver-dns/4.1.49.Final/netty-resolver-dns-4.1.49.Final.jar:/Users/antonstockmarr/.m2/repository/io/netty/netty-codec-dns/4.1.49.Final/netty-codec-dns-4.1.49.Final.jar:/Users/antonstockmarr/.m2/repository/com/fasterxml/jackson/core/jackson-core/2.11.3/jackson-core-2.11.3.jar:/Users/antonstockmarr/.m2/repository/io/vertx/vertx-web/3.9.5/vertx-web-3.9.5.jar:/Users/antonstockmarr/.m2/repository/io/vertx/vertx-web-common/3.9.5/vertx-web-common-3.9.5.jar:/Users/antonstockmarr/.m2/repository/io/vertx/vertx-auth-common/3.9.5/vertx-auth-common-3.9.5.jar:/Users/antonstockmarr/.m2/repository/io/vertx/vertx-bridge-common/3.9.5/vertx-bridge-common-3.9.5.jar:/Users/antonstockmarr/.m2/repository/io/quarkus/quarkus-resteasy-server-common/1.10.5.Final/quarkus-resteasy-server-common-1.10.5.Final.jar:/Users/antonstockmarr/.m2/repository/io/quarkus/quarkus-resteasy-common/1.10.5.Final/quarkus-resteasy-common-1.10.5.Final.jar:/Users/antonstockmarr/.m2/repository/io/quarkus/quarkus-jsonb/1.10.5.Final/quarkus-jsonb-1.10.5.Final.jar:/Users/antonstockmarr/.m2/repository/org/eclipse/yasson/1.0.8/yasson-1.0.8.jar:/Users/antonstockmarr/.m2/repository/jakarta/json/jakarta.json-api/1.1.6/jakarta.json-api-1.1.6.jar:/Users/antonstockmarr/.m2/repository/io/quarkus/quarkus-core/1.10.5.Final/quarkus-core-1.10.5.Final.jar:/Users/antonstockmarr/.m2/repository/jakarta/enterprise/jakarta.enterprise.cdi-api/2.0.2/jakarta.enterprise.cdi-api-2.0.2.jar:/Users/antonstockmarr/.m2/repository/jakarta/el/jakarta.el-api/3.0.3/jakarta.el-api-3.0.3.jar:/Users/antonstockmarr/.m2/repository/jakarta/interceptor/jakarta.interceptor-api/1.2.5/jakarta.interceptor-api-1.2.5.jar:/Users/antonstockmarr/.m2/repository/jakarta/ejb/jakarta.ejb-api/3.2.6/jakarta.ejb-api-3.2.6.jar:/Users/antonstockmarr/.m2/repository/jakarta/inject/jakarta.inject-api/1.0/jakarta.inject-api-1.0.jar:/Users/antonstockmarr/.m2/repository/io/quarkus/quarkus-ide-launcher/1.10.5.Final/quarkus-ide-launcher-1.10.5.Final.jar:/Users/antonstockmarr/.m2/repository/io/quarkus/quarkus-development-mode-spi/1.10.5.Final/quarkus-development-mode-spi-1.10.5.Final.jar:/Users/antonstockmarr/.m2/repository/org/jboss/logmanager/jboss-logmanager-embedded/1.0.6/jboss-logmanager-embedded-1.0.6.jar:/Users/antonstockmarr/.m2/repository/org/jboss/logging/jboss-logging-annotations/2.1.0.Final/jboss-logging-annotations-2.1.0.Final.jar:/Users/antonstockmarr/.m2/repository/org/jboss/threads/jboss-threads/3.1.1.Final/jboss-threads-3.1.1.Final.jar:/Users/antonstockmarr/.m2/repository/org/slf4j/slf4j-api/1.7.30/slf4j-api-1.7.30.jar:/Users/antonstockmarr/.m2/repository/org/jboss/slf4j/slf4j-jboss-logmanager/1.1.0.Final/slf4j-jboss-logmanager-1.1.0.Final.jar:/Users/antonstockmarr/.m2/repository/org/graalvm/sdk/graal-sdk/20.2.0/graal-sdk-20.2.0.jar:/Users/antonstockmarr/.m2/repository/org/wildfly/common/wildfly-common/1.5.4.Final-format-001/wildfly-common-1.5.4.Final-format-001.jar:/Users/antonstockmarr/.m2/repository/io/quarkus/quarkus-bootstrap-runner/1.10.5.Final/quarkus-bootstrap-runner-1.10.5.Final.jar:/Users/antonstockmarr/.m2/repository/io/smallrye/common/smallrye-common-io/1.4.1/smallrye-common-io-1.4.1.jar:/Users/antonstockmarr/.m2/repository/io/quarkus/quarkus-arc/1.10.5.Final/quarkus-arc-1.10.5.Final.jar:/Users/antonstockmarr/.m2/repository/io/quarkus/arc/arc/1.10.5.Final/arc-1.10.5.Final.jar:/Users/antonstockmarr/.m2/repository/jakarta/transaction/jakarta.transaction-api/1.3.3/jakarta.transaction-api-1.3.3.jar:/Users/antonstockmarr/.m2/repository/org/eclipse/microprofile/context-propagation/microprofile-context-propagation-api/1.0.1/microprofile-context-propagation-api-1.0.1.jar:/Users/antonstockmarr/.m2/repository/io/quarkus/quarkus-jsonp/1.10.5.Final/quarkus-jsonp-1.10.5.Final.jar:/Users/antonstockmarr/.m2/repository/org/jboss/resteasy/resteasy-json-binding-provider/4.5.8.Final/resteasy-json-binding-provider-4.5.8.Final.jar:/Users/antonstockmarr/.m2/repository/org/glassfish/jakarta.json/1.1.6/jakarta.json-1.1.6.jar:/Users/antonstockmarr/.m2/repository/jakarta/json/bind/jakarta.json.bind-api/1.0.2/jakarta.json.bind-api-1.0.2.jar:/Users/antonstockmarr/.m2/repository/org/jboss/resteasy/resteasy-json-p-provider/4.5.8.Final/resteasy-json-p-provider-4.5.8.Final.jar:/Users/antonstockmarr/.m2/repository/io/quarkus/quarkus-resteasy-jaxb/1.10.5.Final/quarkus-resteasy-jaxb-1.10.5.Final.jar:/Users/antonstockmarr/.m2/repository/io/quarkus/quarkus-jaxb/1.10.5.Final/quarkus-jaxb-1.10.5.Final.jar:/Users/antonstockmarr/.m2/repository/io/quarkus/quarkus-jaxp/1.10.5.Final/quarkus-jaxp-1.10.5.Final.jar:/Users/antonstockmarr/.m2/repository/org/glassfish/jaxb/jaxb-runtime/2.3.3-b02/jaxb-runtime-2.3.3-b02.jar:/Users/antonstockmarr/.m2/repository/org/glassfish/jaxb/txw2/2.3.3-b02/txw2-2.3.3-b02.jar:/Users/antonstockmarr/.m2/repository/com/sun/istack/istack-commons-runtime/3.0.10/istack-commons-runtime-3.0.10.jar:/Users/antonstockmarr/.m2/repository/org/jboss/resteasy/resteasy-jaxb-provider/4.5.8.Final/resteasy-jaxb-provider-4.5.8.Final.jar:/Users/antonstockmarr/.m2/repository/org/jboss/spec/javax/xml/bind/jboss-jaxb-api_2.3_spec/2.0.0.Final/jboss-jaxb-api_2.3_spec-2.0.0.Final.jar:/Users/antonstockmarr/.m2/repository/org/junit/jupiter/junit-jupiter-engine/5.7.0/junit-jupiter-engine-5.7.0.jar:/Users/antonstockmarr/.m2/repository/org/junit/platform/junit-platform-engine/1.7.0/junit-platform-engine-1.7.0.jar:/Users/antonstockmarr/.m2/repository/org/opentest4j/opentest4j/1.2.0/opentest4j-1.2.0.jar:/Users/antonstockmarr/.m2/repository/org/junit/platform/junit-platform-commons/1.7.0/junit-platform-commons-1.7.0.jar:/Users/antonstockmarr/.m2/repository/org/junit/jupiter/junit-jupiter-api/5.7.0/junit-jupiter-api-5.7.0.jar:/Users/antonstockmarr/.m2/repository/io/cucumber/cucumber-junit-platform-engine/6.9.1/cucumber-junit-platform-engine-6.9.1.jar:/Users/antonstockmarr/.m2/repository/com/sun/xml/ws/jaxws-rt/2.3.3/jaxws-rt-2.3.3.jar:/Users/antonstockmarr/.m2/repository/com/sun/xml/ws/policy/2.7.10/policy-2.7.10.jar:/Users/antonstockmarr/.m2/repository/com/sun/xml/bind/jaxb-impl/2.3.3/jaxb-impl-2.3.3.jar:/Users/antonstockmarr/.m2/repository/org/glassfish/ha/ha-api/3.1.12/ha-api-3.1.12.jar:/Users/antonstockmarr/.m2/repository/org/glassfish/external/management-api/3.2.2/management-api-3.2.2.jar:/Users/antonstockmarr/.m2/repository/org/glassfish/gmbal/gmbal/4.0.1/gmbal-4.0.1.jar:/Users/antonstockmarr/.m2/repository/org/glassfish/pfl/pfl-tf/4.1.0/pfl-tf-4.1.0.jar:/Users/antonstockmarr/.m2/repository/org/glassfish/pfl/pfl-basic/4.1.0/pfl-basic-4.1.0.jar:/Users/antonstockmarr/.m2/repository/org/jvnet/staxex/stax-ex/1.8.3/stax-ex-1.8.3.jar:/Users/antonstockmarr/.m2/repository/com/sun/xml/stream/buffer/streambuffer/1.5.9/streambuffer-1.5.9.jar:/Users/antonstockmarr/.m2/repository/org/jvnet/mimepull/mimepull/1.9.13/mimepull-1.9.13.jar:/Users/antonstockmarr/.m2/repository/com/sun/xml/fastinfoset/FastInfoset/1.2.18/FastInfoset-1.2.18.jar:/Users/antonstockmarr/.m2/repository/com/sun/xml/messaging/saaj/saaj-impl/1.5.2/saaj-impl-1.5.2.jar:/Users/antonstockmarr/.m2/repository/com/fasterxml/woodstox/woodstox-core/5.1.0/woodstox-core-5.1.0.jar:/Users/antonstockmarr/.m2/repository/org/codehaus/woodstox/stax2-api/4.1/stax2-api-4.1.jar:/Users/antonstockmarr/.m2/repository/com/sun/xml/ws/jaxws-tools/2.3.3/jaxws-tools-2.3.3.jar:/Users/antonstockmarr/.m2/repository/com/sun/xml/bind/jaxb-xjc/2.3.3/jaxb-xjc-2.3.3.jar:/Users/antonstockmarr/.m2/repository/com/sun/xml/bind/jaxb-jxc/2.3.3/jaxb-jxc-2.3.3.jar:/Users/antonstockmarr/.m2/repository/com/sun/xml/ws/jaxws-eclipselink-plugin/2.3.3/jaxws-eclipselink-plugin-2.3.3.jar:/Users/antonstockmarr/.m2/repository/jakarta/persistence/jakarta.persistence-api/2.2.3/jakarta.persistence-api-2.2.3.jar:/Users/antonstockmarr/.m2/repository/org/eclipse/persistence/org.eclipse.persistence.moxy/2.7.6/org.eclipse.persistence.moxy-2.7.6.jar:/Users/antonstockmarr/.m2/repository/org/eclipse/persistence/org.eclipse.persistence.core/2.7.6/org.eclipse.persistence.core-2.7.6.jar:/Users/antonstockmarr/.m2/repository/org/eclipse/persistence/org.eclipse.persistence.asm/2.7.6/org.eclipse.persistence.asm-2.7.6.jar:/Users/antonstockmarr/.m2/repository/com/sun/mail/jakarta.mail/1.6.5/jakarta.mail-1.6.5.jar:/Users/antonstockmarr/.m2/repository/com/sun/xml/ws/sdo-eclipselink-plugin/2.3.3/sdo-eclipselink-plugin-2.3.3.jar:/Users/antonstockmarr/.m2/repository/org/eclipse/persistence/org.eclipse.persistence.sdo/2.7.6/org.eclipse.persistence.sdo-2.7.6.jar:/Users/antonstockmarr/.m2/repository/org/eclipse/persistence/commonj.sdo/2.1.1/commonj.sdo-2.1.1.jar:/Users/antonstockmarr/.m2/repository/jakarta/xml/ws/jakarta.xml.ws-api/2.3.3/jakarta.xml.ws-api-2.3.3.jar:/Users/antonstockmarr/.m2/repository/jakarta/xml/bind/jakarta.xml.bind-api/2.3.3/jakarta.xml.bind-api-2.3.3.jar:/Users/antonstockmarr/.m2/repository/jakarta/xml/soap/jakarta.xml.soap-api/1.4.2/jakarta.xml.soap-api-1.4.2.jar:/Users/antonstockmarr/.m2/repository/jakarta/jws/jakarta.jws-api/2.1.0/jakarta.jws-api-2.1.0.jar:/Users/antonstockmarr/.m2/repository/jakarta/annotation/jakarta.annotation-api/1.3.5/jakarta.annotation-api-1.3.5.jar:"/>
    <property name="java.vm.vendor" value="Oracle Corporation"/>
    <property name="sun.arch.data.model" value="64"/>
    <property name="java.vendor.url" value="https://java.oracle.com/"/>
    <property name="os.name" value="Mac OS X"/>
    <property name="java.vm.specification.version" value="15"/>
    <property name="sun.java.launcher" value="SUN_STANDARD"/>
    <property name="user.country" value="DK"/>
    <property name="sun.boot.library.path" value="/Users/antonstockmarr/Library/Java/JavaVirtualMachines/openjdk-15.0.1/Contents/Home/lib"/>
    <property name="sun.java.command" value="/Users/antonstockmarr/Google Drev/Skolerelateret/DTU/Web Development of Micro Services/Project/g23_microservices/client/target/surefire/surefirebooter3638420034570071480.jar /Users/antonstockmarr/Google Drev/Skolerelateret/DTU/Web Development of Micro Services/Project/g23_microservices/client/target/surefire 2021-01-19T10-08-39_082-jvmRun1 surefire5508079641727633820tmp surefire_04224919487064810105tmp"/>
    <property name="http.nonProxyHosts" value="local|*.local|169.254/16|*.169.254/16"/>
    <property name="jdk.debug" value="release"/>
    <property name="surefire.test.class.path" value="/Users/antonstockmarr/Google Drev/Skolerelateret/DTU/Web Development of Micro Services/Project/g23_microservices/client/target/test-classes:/Users/antonstockmarr/Google Drev/Skolerelateret/DTU/Web Development of Micro Services/Project/g23_microservices/client/target/classes:/Users/antonstockmarr/.m2/repository/io/cucumber/cucumber-java/6.9.1/cucumber-java-6.9.1.jar:/Users/antonstockmarr/.m2/repository/io/cucumber/cucumber-core/6.9.1/cucumber-core-6.9.1.jar:/Users/antonstockmarr/.m2/repository/io/cucumber/cucumber-gherkin/6.9.1/cucumber-gherkin-6.9.1.jar:/Users/antonstockmarr/.m2/repository/io/cucumber/cucumber-gherkin-messages/6.9.1/cucumber-gherkin-messages-6.9.1.jar:/Users/antonstockmarr/.m2/repository/io/cucumber/messages/13.2.1/messages-13.2.1.jar:/Users/antonstockmarr/.m2/repository/io/cucumber/tag-expressions/3.0.0/tag-expressions-3.0.0.jar:/Users/antonstockmarr/.m2/repository/io/cucumber/cucumber-expressions/10.3.0/cucumber-expressions-10.3.0.jar:/Users/antonstockmarr/.m2/repository/io/cucumber/datatable/3.5.0/datatable-3.5.0.jar:/Users/antonstockmarr/.m2/repository/io/cucumber/cucumber-plugin/6.9.1/cucumber-plugin-6.9.1.jar:/Users/antonstockmarr/.m2/repository/io/cucumber/docstring/6.9.1/docstring-6.9.1.jar:/Users/antonstockmarr/.m2/repository/io/cucumber/html-formatter/9.0.0/html-formatter-9.0.0.jar:/Users/antonstockmarr/.m2/repository/io/cucumber/create-meta/2.0.4/create-meta-2.0.4.jar:/Users/antonstockmarr/.m2/repository/org/apiguardian/apiguardian-api/1.1.0/apiguardian-api-1.1.0.jar:/Users/antonstockmarr/.m2/repository/io/cucumber/cucumber-junit/6.9.1/cucumber-junit-6.9.1.jar:/Users/antonstockmarr/.m2/repository/junit/junit/4.13.1/junit-4.13.1.jar:/Users/antonstockmarr/.m2/repository/org/hamcrest/hamcrest-core/1.3/hamcrest-core-1.3.jar:/Users/antonstockmarr/.m2/repository/io/cucumber/cucumber-picocontainer/6.9.1/cucumber-picocontainer-6.9.1.jar:/Users/antonstockmarr/.m2/repository/org/picocontainer/picocontainer/2.15/picocontainer-2.15.jar:/Users/antonstockmarr/.m2/repository/org/jboss/resteasy/resteasy-client/4.5.8.Final/resteasy-client-4.5.8.Final.jar:/Users/antonstockmarr/.m2/repository/org/jboss/resteasy/resteasy-client-api/4.5.8.Final/resteasy-client-api-4.5.8.Final.jar:/Users/antonstockmarr/.m2/repository/org/jboss/resteasy/resteasy-core-spi/4.5.8.Final/resteasy-core-spi-4.5.8.Final.jar:/Users/antonstockmarr/.m2/repository/org/reactivestreams/reactive-streams/1.0.3/reactive-streams-1.0.3.jar:/Users/antonstockmarr/.m2/repository/jakarta/validation/jakarta.validation-api/2.0.2/jakarta.validation-api-2.0.2.jar:/Users/antonstockmarr/.m2/repository/org/jboss/spec/javax/annotation/jboss-annotations-api_1.3_spec/2.0.1.Final/jboss-annotations-api_1.3_spec-2.0.1.Final.jar:/Users/antonstockmarr/.m2/repository/com/sun/activation/jakarta.activation/1.2.1/jakarta.activation-1.2.1.jar:/Users/antonstockmarr/.m2/repository/org/jboss/resteasy/resteasy-core/4.5.8.Final/resteasy-core-4.5.8.Final.jar:/Users/antonstockmarr/.m2/repository/com/ibm/async/asyncutil/0.1.0/asyncutil-0.1.0.jar:/Users/antonstockmarr/.m2/repository/org/eclipse/microprofile/config/microprofile-config-api/1.4/microprofile-config-api-1.4.jar:/Users/antonstockmarr/.m2/repository/io/smallrye/config/smallrye-config/1.6.1/smallrye-config-1.6.1.jar:/Users/antonstockmarr/.m2/repository/io/smallrye/config/smallrye-config-common/1.6.1/smallrye-config-common-1.6.1.jar:/Users/antonstockmarr/.m2/repository/org/jboss/logging/jboss-logging/3.3.2.Final/jboss-logging-3.3.2.Final.jar:/Users/antonstockmarr/.m2/repository/org/apache/httpcomponents/httpclient/4.5.12/httpclient-4.5.12.jar:/Users/antonstockmarr/.m2/repository/org/apache/httpcomponents/httpcore/4.4.13/httpcore-4.4.13.jar:/Users/antonstockmarr/.m2/repository/commons-logging/commons-logging/1.2/commons-logging-1.2.jar:/Users/antonstockmarr/.m2/repository/commons-codec/commons-codec/1.13/commons-codec-1.13.jar:/Users/antonstockmarr/.m2/repository/commons-io/commons-io/2.5/commons-io-2.5.jar:/Users/antonstockmarr/.m2/repository/org/jboss/spec/javax/ws/rs/jboss-jaxrs-api_2.1_spec/2.0.1.Final/jboss-jaxrs-api_2.1_spec-2.0.1.Final.jar:/Users/antonstockmarr/.m2/repository/io/quarkus/quarkus-resteasy-jsonb/1.10.5.Final/quarkus-resteasy-jsonb-1.10.5.Final.jar:/Users/antonstockmarr/.m2/repository/io/quarkus/quarkus-resteasy/1.10.5.Final/quarkus-resteasy-1.10.5.Final.jar:/Users/antonstockmarr/.m2/repository/io/quarkus/quarkus-vertx-http/1.10.5.Final/quarkus-vertx-http-1.10.5.Final.jar:/Users/antonstockmarr/.m2/repository/io/quarkus/quarkus-security-runtime-spi/1.10.5.Final/quarkus-security-runtime-spi-1.10.5.Final.jar:/Users/antonstockmarr/.m2/repository/io/quarkus/security/quarkus-security/1.1.3.Final/quarkus-security-1.1.3.Final.jar:/Users/antonstockmarr/.m2/repository/io/smallrye/reactive/mutiny/0.4.3/mutiny-0.4.3.jar:/Users/antonstockmarr/.m2/repository/io/quarkus/quarkus-vertx-core/1.10.5.Final/quarkus-vertx-core-1.10.5.Final.jar:/Users/antonstockmarr/.m2/repository/io/quarkus/quarkus-netty/1.10.5.Final/quarkus-netty-1.10.5.Final.jar:/Users/antonstockmarr/.m2/repository/io/netty/netty-codec/4.1.49.Final/netty-codec-4.1.49.Final.jar:/Users/antonstockmarr/.m2/repository/io/netty/netty-handler/4.1.49.Final/netty-handler-4.1.49.Final.jar:/Users/antonstockmarr/.m2/repository/io/vertx/vertx-core/3.9.5/vertx-core-3.9.5.jar:/Users/antonstockmarr/.m2/repository/io/netty/netty-common/4.1.49.Final/netty-common-4.1.49.Final.jar:/Users/antonstockmarr/.m2/repository/io/netty/netty-buffer/4.1.49.Final/netty-buffer-4.1.49.Final.jar:/Users/antonstockmarr/.m2/repository/io/netty/netty-transport/4.1.49.Final/netty-transport-4.1.49.Final.jar:/Users/antonstockmarr/.m2/repository/io/netty/netty-handler-proxy/4.1.49.Final/netty-handler-proxy-4.1.49.Final.jar:/Users/antonstockmarr/.m2/repository/io/netty/netty-codec-socks/4.1.49.Final/netty-codec-socks-4.1.49.Final.jar:/Users/antonstockmarr/.m2/repository/io/netty/netty-codec-http/4.1.49.Final/netty-codec-http-4.1.49.Final.jar:/Users/antonstockmarr/.m2/repository/io/netty/netty-codec-http2/4.1.49.Final/netty-codec-http2-4.1.49.Final.jar:/Users/antonstockmarr/.m2/repository/io/netty/netty-resolver/4.1.49.Final/netty-resolver-4.1.49.Final.jar:/Users/antonstockmarr/.m2/repository/io/netty/netty-resolver-dns/4.1.49.Final/netty-resolver-dns-4.1.49.Final.jar:/Users/antonstockmarr/.m2/repository/io/netty/netty-codec-dns/4.1.49.Final/netty-codec-dns-4.1.49.Final.jar:/Users/antonstockmarr/.m2/repository/com/fasterxml/jackson/core/jackson-core/2.11.3/jackson-core-2.11.3.jar:/Users/antonstockmarr/.m2/repository/io/vertx/vertx-web/3.9.5/vertx-web-3.9.5.jar:/Users/antonstockmarr/.m2/repository/io/vertx/vertx-web-common/3.9.5/vertx-web-common-3.9.5.jar:/Users/antonstockmarr/.m2/repository/io/vertx/vertx-auth-common/3.9.5/vertx-auth-common-3.9.5.jar:/Users/antonstockmarr/.m2/repository/io/vertx/vertx-bridge-common/3.9.5/vertx-bridge-common-3.9.5.jar:/Users/antonstockmarr/.m2/repository/io/quarkus/quarkus-resteasy-server-common/1.10.5.Final/quarkus-resteasy-server-common-1.10.5.Final.jar:/Users/antonstockmarr/.m2/repository/io/quarkus/quarkus-resteasy-common/1.10.5.Final/quarkus-resteasy-common-1.10.5.Final.jar:/Users/antonstockmarr/.m2/repository/io/quarkus/quarkus-jsonb/1.10.5.Final/quarkus-jsonb-1.10.5.Final.jar:/Users/antonstockmarr/.m2/repository/org/eclipse/yasson/1.0.8/yasson-1.0.8.jar:/Users/antonstockmarr/.m2/repository/jakarta/json/jakarta.json-api/1.1.6/jakarta.json-api-1.1.6.jar:/Users/antonstockmarr/.m2/repository/io/quarkus/quarkus-core/1.10.5.Final/quarkus-core-1.10.5.Final.jar:/Users/antonstockmarr/.m2/repository/jakarta/enterprise/jakarta.enterprise.cdi-api/2.0.2/jakarta.enterprise.cdi-api-2.0.2.jar:/Users/antonstockmarr/.m2/repository/jakarta/el/jakarta.el-api/3.0.3/jakarta.el-api-3.0.3.jar:/Users/antonstockmarr/.m2/repository/jakarta/interceptor/jakarta.interceptor-api/1.2.5/jakarta.interceptor-api-1.2.5.jar:/Users/antonstockmarr/.m2/repository/jakarta/ejb/jakarta.ejb-api/3.2.6/jakarta.ejb-api-3.2.6.jar:/Users/antonstockmarr/.m2/repository/jakarta/inject/jakarta.inject-api/1.0/jakarta.inject-api-1.0.jar:/Users/antonstockmarr/.m2/repository/io/quarkus/quarkus-ide-launcher/1.10.5.Final/quarkus-ide-launcher-1.10.5.Final.jar:/Users/antonstockmarr/.m2/repository/io/quarkus/quarkus-development-mode-spi/1.10.5.Final/quarkus-development-mode-spi-1.10.5.Final.jar:/Users/antonstockmarr/.m2/repository/org/jboss/logmanager/jboss-logmanager-embedded/1.0.6/jboss-logmanager-embedded-1.0.6.jar:/Users/antonstockmarr/.m2/repository/org/jboss/logging/jboss-logging-annotations/2.1.0.Final/jboss-logging-annotations-2.1.0.Final.jar:/Users/antonstockmarr/.m2/repository/org/jboss/threads/jboss-threads/3.1.1.Final/jboss-threads-3.1.1.Final.jar:/Users/antonstockmarr/.m2/repository/org/slf4j/slf4j-api/1.7.30/slf4j-api-1.7.30.jar:/Users/antonstockmarr/.m2/repository/org/jboss/slf4j/slf4j-jboss-logmanager/1.1.0.Final/slf4j-jboss-logmanager-1.1.0.Final.jar:/Users/antonstockmarr/.m2/repository/org/graalvm/sdk/graal-sdk/20.2.0/graal-sdk-20.2.0.jar:/Users/antonstockmarr/.m2/repository/org/wildfly/common/wildfly-common/1.5.4.Final-format-001/wildfly-common-1.5.4.Final-format-001.jar:/Users/antonstockmarr/.m2/repository/io/quarkus/quarkus-bootstrap-runner/1.10.5.Final/quarkus-bootstrap-runner-1.10.5.Final.jar:/Users/antonstockmarr/.m2/repository/io/smallrye/common/smallrye-common-io/1.4.1/smallrye-common-io-1.4.1.jar:/Users/antonstockmarr/.m2/repository/io/quarkus/quarkus-arc/1.10.5.Final/quarkus-arc-1.10.5.Final.jar:/Users/antonstockmarr/.m2/repository/io/quarkus/arc/arc/1.10.5.Final/arc-1.10.5.Final.jar:/Users/antonstockmarr/.m2/repository/jakarta/transaction/jakarta.transaction-api/1.3.3/jakarta.transaction-api-1.3.3.jar:/Users/antonstockmarr/.m2/repository/org/eclipse/microprofile/context-propagation/microprofile-context-propagation-api/1.0.1/microprofile-context-propagation-api-1.0.1.jar:/Users/antonstockmarr/.m2/repository/io/quarkus/quarkus-jsonp/1.10.5.Final/quarkus-jsonp-1.10.5.Final.jar:/Users/antonstockmarr/.m2/repository/org/jboss/resteasy/resteasy-json-binding-provider/4.5.8.Final/resteasy-json-binding-provider-4.5.8.Final.jar:/Users/antonstockmarr/.m2/repository/org/glassfish/jakarta.json/1.1.6/jakarta.json-1.1.6.jar:/Users/antonstockmarr/.m2/repository/jakarta/json/bind/jakarta.json.bind-api/1.0.2/jakarta.json.bind-api-1.0.2.jar:/Users/antonstockmarr/.m2/repository/org/jboss/resteasy/resteasy-json-p-provider/4.5.8.Final/resteasy-json-p-provider-4.5.8.Final.jar:/Users/antonstockmarr/.m2/repository/io/quarkus/quarkus-resteasy-jaxb/1.10.5.Final/quarkus-resteasy-jaxb-1.10.5.Final.jar:/Users/antonstockmarr/.m2/repository/io/quarkus/quarkus-jaxb/1.10.5.Final/quarkus-jaxb-1.10.5.Final.jar:/Users/antonstockmarr/.m2/repository/io/quarkus/quarkus-jaxp/1.10.5.Final/quarkus-jaxp-1.10.5.Final.jar:/Users/antonstockmarr/.m2/repository/org/glassfish/jaxb/jaxb-runtime/2.3.3-b02/jaxb-runtime-2.3.3-b02.jar:/Users/antonstockmarr/.m2/repository/org/glassfish/jaxb/txw2/2.3.3-b02/txw2-2.3.3-b02.jar:/Users/antonstockmarr/.m2/repository/com/sun/istack/istack-commons-runtime/3.0.10/istack-commons-runtime-3.0.10.jar:/Users/antonstockmarr/.m2/repository/org/jboss/resteasy/resteasy-jaxb-provider/4.5.8.Final/resteasy-jaxb-provider-4.5.8.Final.jar:/Users/antonstockmarr/.m2/repository/org/jboss/spec/javax/xml/bind/jboss-jaxb-api_2.3_spec/2.0.0.Final/jboss-jaxb-api_2.3_spec-2.0.0.Final.jar:/Users/antonstockmarr/.m2/repository/org/junit/jupiter/junit-jupiter-engine/5.7.0/junit-jupiter-engine-5.7.0.jar:/Users/antonstockmarr/.m2/repository/org/junit/platform/junit-platform-engine/1.7.0/junit-platform-engine-1.7.0.jar:/Users/antonstockmarr/.m2/repository/org/opentest4j/opentest4j/1.2.0/opentest4j-1.2.0.jar:/Users/antonstockmarr/.m2/repository/org/junit/platform/junit-platform-commons/1.7.0/junit-platform-commons-1.7.0.jar:/Users/antonstockmarr/.m2/repository/org/junit/jupiter/junit-jupiter-api/5.7.0/junit-jupiter-api-5.7.0.jar:/Users/antonstockmarr/.m2/repository/io/cucumber/cucumber-junit-platform-engine/6.9.1/cucumber-junit-platform-engine-6.9.1.jar:/Users/antonstockmarr/.m2/repository/com/sun/xml/ws/jaxws-rt/2.3.3/jaxws-rt-2.3.3.jar:/Users/antonstockmarr/.m2/repository/com/sun/xml/ws/policy/2.7.10/policy-2.7.10.jar:/Users/antonstockmarr/.m2/repository/com/sun/xml/bind/jaxb-impl/2.3.3/jaxb-impl-2.3.3.jar:/Users/antonstockmarr/.m2/repository/org/glassfish/ha/ha-api/3.1.12/ha-api-3.1.12.jar:/Users/antonstockmarr/.m2/repository/org/glassfish/external/management-api/3.2.2/management-api-3.2.2.jar:/Users/antonstockmarr/.m2/repository/org/glassfish/gmbal/gmbal/4.0.1/gmbal-4.0.1.jar:/Users/antonstockmarr/.m2/repository/org/glassfish/pfl/pfl-tf/4.1.0/pfl-tf-4.1.0.jar:/Users/antonstockmarr/.m2/repository/org/glassfish/pfl/pfl-basic/4.1.0/pfl-basic-4.1.0.jar:/Users/antonstockmarr/.m2/repository/org/jvnet/staxex/stax-ex/1.8.3/stax-ex-1.8.3.jar:/Users/antonstockmarr/.m2/repository/com/sun/xml/stream/buffer/streambuffer/1.5.9/streambuffer-1.5.9.jar:/Users/antonstockmarr/.m2/repository/org/jvnet/mimepull/mimepull/1.9.13/mimepull-1.9.13.jar:/Users/antonstockmarr/.m2/repository/com/sun/xml/fastinfoset/FastInfoset/1.2.18/FastInfoset-1.2.18.jar:/Users/antonstockmarr/.m2/repository/com/sun/xml/messaging/saaj/saaj-impl/1.5.2/saaj-impl-1.5.2.jar:/Users/antonstockmarr/.m2/repository/com/fasterxml/woodstox/woodstox-core/5.1.0/woodstox-core-5.1.0.jar:/Users/antonstockmarr/.m2/repository/org/codehaus/woodstox/stax2-api/4.1/stax2-api-4.1.jar:/Users/antonstockmarr/.m2/repository/com/sun/xml/ws/jaxws-tools/2.3.3/jaxws-tools-2.3.3.jar:/Users/antonstockmarr/.m2/repository/com/sun/xml/bind/jaxb-xjc/2.3.3/jaxb-xjc-2.3.3.jar:/Users/antonstockmarr/.m2/repository/com/sun/xml/bind/jaxb-jxc/2.3.3/jaxb-jxc-2.3.3.jar:/Users/antonstockmarr/.m2/repository/com/sun/xml/ws/jaxws-eclipselink-plugin/2.3.3/jaxws-eclipselink-plugin-2.3.3.jar:/Users/antonstockmarr/.m2/repository/jakarta/persistence/jakarta.persistence-api/2.2.3/jakarta.persistence-api-2.2.3.jar:/Users/antonstockmarr/.m2/repository/org/eclipse/persistence/org.eclipse.persistence.moxy/2.7.6/org.eclipse.persistence.moxy-2.7.6.jar:/Users/antonstockmarr/.m2/repository/org/eclipse/persistence/org.eclipse.persistence.core/2.7.6/org.eclipse.persistence.core-2.7.6.jar:/Users/antonstockmarr/.m2/repository/org/eclipse/persistence/org.eclipse.persistence.asm/2.7.6/org.eclipse.persistence.asm-2.7.6.jar:/Users/antonstockmarr/.m2/repository/com/sun/mail/jakarta.mail/1.6.5/jakarta.mail-1.6.5.jar:/Users/antonstockmarr/.m2/repository/com/sun/xml/ws/sdo-eclipselink-plugin/2.3.3/sdo-eclipselink-plugin-2.3.3.jar:/Users/antonstockmarr/.m2/repository/org/eclipse/persistence/org.eclipse.persistence.sdo/2.7.6/org.eclipse.persistence.sdo-2.7.6.jar:/Users/antonstockmarr/.m2/repository/org/eclipse/persistence/commonj.sdo/2.1.1/commonj.sdo-2.1.1.jar:/Users/antonstockmarr/.m2/repository/jakarta/xml/ws/jakarta.xml.ws-api/2.3.3/jakarta.xml.ws-api-2.3.3.jar:/Users/antonstockmarr/.m2/repository/jakarta/xml/bind/jakarta.xml.bind-api/2.3.3/jakarta.xml.bind-api-2.3.3.jar:/Users/antonstockmarr/.m2/repository/jakarta/xml/soap/jakarta.xml.soap-api/1.4.2/jakarta.xml.soap-api-1.4.2.jar:/Users/antonstockmarr/.m2/repository/jakarta/jws/jakarta.jws-api/2.1.0/jakarta.jws-api-2.1.0.jar:/Users/antonstockmarr/.m2/repository/jakarta/annotation/jakarta.annotation-api/1.3.5/jakarta.annotation-api-1.3.5.jar:"/>
    <property name="sun.cpu.endian" value="little"/>
    <property name="user.home" value="/Users/antonstockmarr"/>
    <property name="user.language" value="da"/>
    <property name="java.specification.vendor" value="Oracle Corporation"/>
    <property name="java.version.date" value="2020-10-20"/>
    <property name="java.home" value="/Users/antonstockmarr/Library/Java/JavaVirtualMachines/openjdk-15.0.1/Contents/Home"/>
    <property name="file.separator" value="/"/>
    <property name="basedir" value="/Users/antonstockmarr/Google Drev/Skolerelateret/DTU/Web Development of Micro Services/Project/g23_microservices/client"/>
    <property name="java.vm.compressedOopsMode" value="Zero based"/>
    <property name="line.separator" value="&#10;"/>
    <property name="java.specification.name" value="Java Platform API Specification"/>
    <property name="java.vm.specification.vendor" value="Oracle Corporation"/>
    <property name="surefire.real.class.path" value="/Users/antonstockmarr/Google Drev/Skolerelateret/DTU/Web Development of Micro Services/Project/g23_microservices/client/target/surefire/surefirebooter3638420034570071480.jar"/>
    <property name="sun.management.compiler" value="HotSpot 64-Bit Tiered Compilers"/>
    <property name="ftp.nonProxyHosts" value="local|*.local|169.254/16|*.169.254/16"/>
    <property name="java.runtime.version" value="15.0.1+9-18"/>
    <property name="user.name" value="antonstockmarr"/>
    <property name="path.separator" value=":"/>
    <property name="os.version" value="10.14.6"/>
    <property name="java.runtime.name" value="OpenJDK Runtime Environment"/>
    <property name="file.encoding" value="UTF-8"/>
    <property name="java.vm.name" value="OpenJDK 64-Bit Server VM"/>
    <property name="localRepository" value="/Users/antonstockmarr/.m2/repository"/>
    <property name="java.vendor.url.bug" value="https://bugreport.java.com/bugreport/"/>
    <property name="java.io.tmpdir" value="/var/folders/3v/fd13kqt95q1gk08xbjc6pxb80000gn/T/"/>
    <property name="java.version" value="15.0.1"/>
    <property name="user.dir" value="/Users/antonstockmarr/Google Drev/Skolerelateret/DTU/Web Development of Micro Services/Project/g23_microservices/client"/>
    <property name="os.arch" value="x86_64"/>
    <property name="java.vm.specification.name" value="Java Virtual Machine Specification"/>
    <property name="java.library.path" value="/Users/antonstockmarr/Library/Java/Extensions:/Library/Java/Extensions:/Network/Library/Java/Extensions:/System/Library/Java/Extensions:/usr/lib/java:."/>
    <property name="java.vm.info" value="mixed mode, sharing"/>
    <property name="java.vendor" value="Oracle Corporation"/>
    <property name="java.vm.version" value="15.0.1+9-18"/>
    <property name="sun.io.unicode.encoding" value="UnicodeBig"/>
    <property name="socksNonProxyHosts" value="local|*.local|169.254/16|*.169.254/16"/>
    <property name="java.class.version" value="59.0"/>
  </properties>
  <testcase name="Register Customer successful" classname="Account" time="7.158"/>
</testsuite>